<?xml version="1.0" encoding="UTF-8"?>
<testng-results ignored="0" total="1" passed="1" failed="0" skipped="0">
  <reporter-output>
  </reporter-output>
  <suite started-at="2024-04-15T13:00:37 IST" name="Default suite" finished-at="2024-04-15T13:00:55 IST" duration-ms="17870">
    <groups>
    </groups>
    <test started-at="2024-04-15T13:00:37 IST" name="Default test" finished-at="2024-04-15T13:00:55 IST" duration-ms="17870">
      <class name="demoqa.tests.NestedFramesTest">
        <test-method is-config="true" signature="setUp()[pri:0, instance:demoqa.tests.NestedFramesTest@65b3f4a4]" started-at="2024-04-15T13:00:37 IST" name="setUp" finished-at="2024-04-15T13:00:45 IST" duration-ms="8192" status="PASS">
          <reporter-output>
          </reporter-output>
        </test-method> <!-- setUp -->
        <test-method signature="pToFoneTest()[pri:0, instance:demoqa.tests.NestedFramesTest@65b3f4a4]" started-at="2024-04-15T13:00:45 IST" name="pToFoneTest" finished-at="2024-04-15T13:00:54 IST" duration-ms="9382" status="PASS">
          <reporter-output>
          </reporter-output>
        </test-method> <!-- pToFoneTest -->
        <test-method is-config="true" signature="tearDown()[pri:0, instance:demoqa.tests.NestedFramesTest@65b3f4a4]" started-at="2024-04-15T13:00:54 IST" name="tearDown" finished-at="2024-04-15T13:00:55 IST" duration-ms="256" status="PASS">
          <reporter-output>
          </reporter-output>
        </test-method> <!-- tearDown -->
      </class> <!-- demoqa.tests.NestedFramesTest -->
    </test> <!-- Default test -->
  </suite> <!-- Default suite -->
</testng-results>
